INFO    : PreTeXt project found in `/workspaces/MMTG`.
WARNING : Using CLI version 2.0.4 but project's `requirements.txt`
WARNING : is configured to use 1.8.1. Consider either installing
WARNING : CLI version 1.8.1 or running `pretext init --refresh`
WARNING : to update `requirements.txt` to match 2.0.4.
INFO    : converting latex-image pictures from /workspaces/MMTG/source/main.ptx to svg graphics for placement in /workspaces/MMTG/generated-assets/latex-image
INFO    : extracting latex-image pictures from /workspaces/MMTG/source/main.ptx
INFO    : string parameters passed to extraction stylesheet: {'publisher': '/workspaces/MMTG/publication/publication.ptx', 'subtree': 'image-K4'}
INFO    : discovering source file's directory name: /workspaces/MMTG/source
INFO    : verifying and expanding input directory: /workspaces/MMTG/source/../generated-assets
INFO    : input directory expanded to absolute path: /workspaces/MMTG/generated-assets
INFO    : verifying and expanding input directory: /workspaces/MMTG/source/../assets
INFO    : input directory expanded to absolute path: /workspaces/MMTG/assets
INFO    : XSL conversion of /workspaces/MMTG/source/main.ptx by /home/vscode/.ptx/xsl/extract-latex-image.xsl
INFO    : comprehensive messages, warnings, and errors:
INFO    :     * PTX:ERROR: the @xml:id value "findsets" should be unique, but is authored 2 times.
INFO    :     *            Results will be unpredictable, and likely incorrect.  Information on the locations follows:
INFO    :     *              located within: "findsets" (xml:id)
INFO    :     *              located within: "findsets" (xml:id)
INFO    :     * PTX:ERROR: the @xml:id value "activity-buildplane" should be unique, but is authored 2 times.
INFO    :     *            Results will be unpredictable, and likely incorrect.  Information on the locations follows:
INFO    :     *              located within: "activity-buildplane" (xml:id)
INFO    :     *              located within: "activity-buildplane" (xml:id)
INFO    :     * PTX:ERROR: the @xml:id value "subsec-projectiveaxioms" should be unique, but is authored 2 times.
INFO    :     *            Results will be unpredictable, and likely incorrect.  Information on the locations follows:
INFO    :     *              located within: "subsec-projectiveaxioms" (xml:id), "Axioms and Duality" (title)
INFO    :     *              located within: "subsec-projectiveaxioms" (xml:id), "Axioms (and Duality?)" (title)
INFO    :     * PTX:ERROR: the @xml:id value "subsec-projectivecounting" should be unique, but is authored 2 times.
INFO    :     *            Results will be unpredictable, and likely incorrect.  Information on the locations follows:
INFO    :     *              located within: "subsec-projectivecounting" (xml:id), "Counting points and lines" (title)
INFO    :     *              located within: "subsec-projectivecounting" (xml:id), "Counting points and lines" (title)
INFO    :     * PTX:ERROR: the @xml:id value "section-affine" should be unique, but is authored 2 times.
INFO    :     *            Results will be unpredictable, and likely incorrect.  Information on the locations follows:
INFO    :     *              located within: "section-affine" (xml:id), "The Finite Affine Plane" (title)
INFO    :     *              located within: "section-affine" (xml:id), "The Projective Planes from Affine Spaces" (title)
INFO    : successful application of /home/vscode/.ptx/xsl/extract-latex-image.xsl
INFO    : converting image-K4.tex to image-K4.pdf
ERROR   : LaTeX compilation of image-K4.tex failed.
Re-run, requesting "source" as the format, to analyze the image.
Likely creating the entire document as PDF will fail similarly.
The transcript of the LaTeX run follows.
INFO    : Removing temporary directory /tmp/tmpuljus34i
INFO    : Preparing to build into /workspaces/MMTG/output/web.
INFO    : discovering source file's directory name: /workspaces/MMTG/source
INFO    : verifying and expanding input directory: /workspaces/MMTG/source/../generated-assets
INFO    : input directory expanded to absolute path: /workspaces/MMTG/generated-assets
INFO    : verifying and expanding input directory: /workspaces/MMTG/source/../assets
INFO    : input directory expanded to absolute path: /workspaces/MMTG/assets
INFO    : Runestone Services (via PreTeXt repository): version 7.1.2
INFO    : Runestone Services (using newer, via online CDN query): version 7.2.0
INFO    : converting /workspaces/MMTG/source/main.ptx to HTML in /tmp/tmpgh5b3cye
INFO    : XSL conversion of /workspaces/MMTG/source/main.ptx by /home/vscode/.ptx/xsl/pretext-html.xsl
INFO    : comprehensive messages, warnings, and errors:
INFO    :     * PTX:ERROR: the @xml:id value "findsets" should be unique, but is authored 2 times.
INFO    :     *            Results will be unpredictable, and likely incorrect.  Information on the locations follows:
INFO    :     *              located within: "findsets" (xml:id)
INFO    :     *              located within: "findsets" (xml:id)
INFO    :     * PTX:ERROR: the @xml:id value "activity-buildplane" should be unique, but is authored 2 times.
INFO    :     *            Results will be unpredictable, and likely incorrect.  Information on the locations follows:
INFO    :     *              located within: "activity-buildplane" (xml:id)
INFO    :     *              located within: "activity-buildplane" (xml:id)
INFO    :     * PTX:ERROR: the @xml:id value "subsec-projectiveaxioms" should be unique, but is authored 2 times.
INFO    :     *            Results will be unpredictable, and likely incorrect.  Information on the locations follows:
INFO    :     *              located within: "subsec-projectiveaxioms" (xml:id), "Axioms and Duality" (title)
INFO    :     *              located within: "subsec-projectiveaxioms" (xml:id), "Axioms (and Duality?)" (title)
INFO    :     * PTX:ERROR: the @xml:id value "subsec-projectivecounting" should be unique, but is authored 2 times.
INFO    :     *            Results will be unpredictable, and likely incorrect.  Information on the locations follows:
INFO    :     *              located within: "subsec-projectivecounting" (xml:id), "Counting points and lines" (title)
INFO    :     *              located within: "subsec-projectivecounting" (xml:id), "Counting points and lines" (title)
INFO    :     * PTX:ERROR: the @xml:id value "section-affine" should be unique, but is authored 2 times.
INFO    :     *            Results will be unpredictable, and likely incorrect.  Information on the locations follows:
INFO    :     *              located within: "section-affine" (xml:id), "The Finite Affine Plane" (title)
INFO    :     *              located within: "section-affine" (xml:id), "The Projective Planes from Affine Spaces" (title)
INFO    :     * PTX:DEPRECATE: (2023-08-08) a "website" element with "address" and "name" children has changed.  Continue to use the "website" element as before, but replace the "address" and "name" children with a single "url" element, which is more flexible and reliable.  We will try to honor your intent, but you may prefer your own adjustments. (1 time)
INFO    :     *              located within: "frontmatter" (xml:id)
INFO    :     * --------------
INFO    :     * PTX:ERROR:   a cross-reference ("xref") uses references [example-4point] that do not point to any target, or perhaps point to multiple targets.  Maybe you typed an @xml:id value wrong, maybe the target of the @xml:id is nonexistent, or maybe you temporarily removed the target from your source, or maybe an auxiliary file contains a duplicate.  Your output will contain some placeholder text that you will not want to distribute to your readers.
INFO    :     *              located within: "subsec-models" (xml:id), "Introducing Axiom Systems and Models" (title)
INFO    :     * PTX:ERROR:   a cross-reference ("xref") uses references [example-4point] that do not point to any target, or perhaps point to multiple targets.  Maybe you typed an @xml:id value wrong, maybe the target of the @xml:id is nonexistent, or maybe you temporarily removed the target from your source, or maybe an auxiliary file contains a duplicate.  Your output will contain some placeholder text that you will not want to distribute to your readers.
INFO    :     *              located within: "subsec-models" (xml:id), "Introducing Axiom Systems and Models" (title)
INFO    :     * PTX:ERROR:   a cross-reference ("xref") uses references [example-4point] that do not point to any target, or perhaps point to multiple targets.  Maybe you typed an @xml:id value wrong, maybe the target of the @xml:id is nonexistent, or maybe you temporarily removed the target from your source, or maybe an auxiliary file contains a duplicate.  Your output will contain some placeholder text that you will not want to distribute to your readers.
INFO    :     *              located within: "subsec-models" (xml:id), "Introducing Axiom Systems and Models" (title)
INFO    :     * PTX:ERROR:   a cross-reference ("xref") uses references [example-4point] that do not point to any target, or perhaps point to multiple targets.  Maybe you typed an @xml:id value wrong, maybe the target of the @xml:id is nonexistent, or maybe you temporarily removed the target from your source, or maybe an auxiliary file contains a duplicate.  Your output will contain some placeholder text that you will not want to distribute to your readers.
INFO    :     *              located within: "subsec-models" (xml:id), "Introducing Axiom Systems and Models" (title)
INFO    : successful application of /home/vscode/.ptx/xsl/pretext-html.xsl
INFO    : 
Success! Run `pretext view` to see the results.

INFO    : While running pretext, the following errors occurred:

